This is pdfTeXk, Version 3.141592-1.40.3 (Web2C 7.5.6) (format=latex 2011.8.11)  21 APR 2012 15:57
entering extended mode
 %&-line parsing enabled.
**presentation.tex
(./presentation.tex
LaTeX2e <2005/12/01>
Babel <v3.8h> and hyphenation patterns for english, usenglishmax, dumylang, noh
yphenation, arabic, basque, bulgarian, coptic, welsh, czech, slovak, german, ng
erman, danish, esperanto, spanish, catalan, galician, estonian, farsi, finnish,
 french, greek, monogreek, ancientgreek, croatian, hungarian, interlingua, ibyc
us, indonesian, icelandic, italian, latin, mongolian, dutch, norsk, polish, por
tuguese, pinyin, romanian, russian, slovenian, uppersorbian, serbian, swedish, 
turkish, ukenglish, ukrainian, loaded.
(/usr/share/texmf/tex/latex/beamer/beamer.cls
(/usr/share/texmf/tex/latex/beamer/beamerbasercs.sty
Package: beamerbasercs 2004/10/07 (rcs-revision 1.3)
)
Document Class: beamer 2005/10/23 cvs version 3.06 A class for typesetting pres
entations (rcs-revision 1.67)
(/usr/share/texmf/tex/latex/beamer/beamerbasemodes.sty
Package: beamerbasemodes 2004/12/09 (rcs-revision 1.21)
\beamer@tempbox=\box26
\beamer@tempcount=\count79
\c@beamerpauses=\count80

(/usr/share/texmf/tex/latex/beamer/beamerbasedecode.sty
Package: beamerbasedecode 2005/05/09 (rcs-revision 1.18)
\beamer@slideinframe=\count81
\beamer@minimum=\count82
)
\beamer@commentbox=\box27
\beamer@modecount=\count83
)
\headheight=\dimen102
\headdp=\dimen103
\footheight=\dimen104
\sidebarheight=\dimen105
\beamer@tempdim=\dimen106
\beamer@finalheight=\dimen107
\beamer@animht=\dimen108
\beamer@animdp=\dimen109
\beamer@animwd=\dimen110
\beamer@leftmargin=\dimen111
\beamer@rightmargin=\dimen112
\beamer@leftsidebar=\dimen113
\beamer@rightsidebar=\dimen114
\beamer@boxsize=\dimen115
\beamer@vboxoffset=\dimen116
\beamer@descdefault=\dimen117
\beamer@descriptionwidth=\dimen118
\beamer@lastskip=\skip41
\beamer@areabox=\box28
\beamer@animcurrent=\box29
\beamer@animshowbox=\box30
\beamer@sectionbox=\box31
\beamer@logobox=\box32
\beamer@linebox=\box33
\beamer@sectioncount=\count84
\beamer@subsubsectionmax=\count85
\beamer@subsectionmax=\count86
\beamer@sectionmax=\count87
\beamer@totalheads=\count88
\beamer@headcounter=\count89
\beamer@partstartpage=\count90
\beamer@sectionstartpage=\count91
\beamer@subsectionstartpage=\count92
\beamer@animationtempa=\count93
\beamer@animationtempb=\count94
\beamer@xpos=\count95
\beamer@ypos=\count96
\beamer@showpartnumber=\count97
\beamer@currentsubsection=\count98
\beamer@coveringdepth=\count99
\beamer@sectionadjust=\count100
\beamer@tocsectionnumber=\count101

(/usr/share/texmf/tex/latex/beamer/beamerbaseoptions.sty
Package: beamerbaseoptions 2004/11/15 (rcs-revision 1.7)

(/usr/share/texmf/tex/latex/graphics/keyval.sty
Package: keyval 1999/03/16 v1.13 key=value parser (DPC)
\KV@toks@=\toks14
))
(/usr/share/texmf/tex/latex/pgf/basiclayer/pgfcore.sty
(/usr/share/texmf/tex/latex/graphics/graphicx.sty
Package: graphicx 1999/02/16 v1.0f Enhanced LaTeX Graphics (DPC,SPQR)

(/usr/share/texmf/tex/latex/graphics/graphics.sty
Package: graphics 2006/02/20 v1.0o Standard LaTeX Graphics (DPC,SPQR)

(/usr/share/texmf/tex/latex/graphics/trig.sty
Package: trig 1999/03/16 v1.09 sin cos tan (DPC)
)
(/usr/share/texmf/tex/latex/config/graphics.cfg
File: graphics.cfg 2007/01/18 v1.5 graphics configuration of teTeX/TeXLive
)
Package graphics Info: Driver file: dvips.def on input line 90.

(/usr/share/texmf/tex/latex/graphics/dvips.def
File: dvips.def 1999/02/16 v3.0i Driver-dependant file (DPC,SPQR)
))
\Gin@req@height=\dimen119
\Gin@req@width=\dimen120
)
(/usr/share/texmf/tex/latex/pgf/systemlayer/pgfsys.sty
(/usr/share/texmf/tex/latex/pgf/utilities/pgfrcs.sty
(/usr/share/texmf/tex/generic/pgf/utilities/pgfutil-common.tex)
(/usr/share/texmf/tex/generic/pgf/utilities/pgfutil-latex.def)
(/usr/share/texmf/tex/generic/pgf/utilities/pgfrcs.code.tex
Package: pgfrcs 2006/10/26 v1.10 (rcs-revision 1.14)
))
(/usr/share/texmf/tex/generic/pgf/systemlayer/pgfsys.code.tex
Package: pgfsys 2006/10/16 v1.10 (rcs-revision 1.19)
\pgf@x=\dimen121
\pgf@y=\dimen122
\pgf@xa=\dimen123
\pgf@ya=\dimen124
\pgf@xb=\dimen125
\pgf@yb=\dimen126
\pgf@xc=\dimen127
\pgf@yc=\dimen128

(/usr/share/texmf/tex/generic/pgf/systemlayer/pgf.cfg
File: pgf.cfg 2006/10/11  (rcs-revision 1.2)
)
Package pgfsys Info: Driver file for pgf: pgfsys-dvips.def on input line 845.

(/usr/share/texmf/tex/generic/pgf/systemlayer/pgfsys-dvips.def
File: pgfsys-dvips.def 2006/10/26  (rcs-revision 1.15)

(/usr/share/texmf/tex/generic/pgf/systemlayer/pgfsys-common-postscript.def
File: pgfsys-common-postscript.def 2006/10/16  (rcs-revision 1.15)
\pgf@objectcount=\count102
)))
(/usr/share/texmf/tex/generic/pgf/systemlayer/pgfsyssoftpath.code.tex
File: pgfsyssoftpath.code.tex 2006/10/16  (rcs-revision 1.4)
)
(/usr/share/texmf/tex/generic/pgf/systemlayer/pgfsysprotocol.code.tex
File: pgfsysprotocol.code.tex 2006/10/16  (rcs-revision 1.4)
))
(/usr/share/texmf/tex/latex/xcolor/xcolor.sty
Package: xcolor 2007/01/21 v2.11 LaTeX color extensions (UK)

(/usr/share/texmf/tex/latex/config/color.cfg
File: color.cfg 2007/01/18 v1.5 color configuration of teTeX/TeXLive
)
Package xcolor Info: Driver file: dvips.def on input line 225.
Package xcolor Info: Model `cmy' substituted by `cmy0' on input line 1337.
Package xcolor Info: Model `RGB' extended on input line 1353.
Package xcolor Info: Model `HTML' substituted by `rgb' on input line 1355.
Package xcolor Info: Model `Hsb' substituted by `hsb' on input line 1356.
Package xcolor Info: Model `tHsb' substituted by `hsb' on input line 1357.
Package xcolor Info: Model `HSB' substituted by `hsb' on input line 1358.
Package xcolor Info: Model `Gray' substituted by `gray' on input line 1359.
Package xcolor Info: Model `wave' substituted by `hsb' on input line 1360.
)
(/usr/share/texmf/tex/generic/pgf/basiclayer/pgfcore.code.tex
Package: pgfcore 2006/10/11 v1.10 (rcs-revision 1.4)

(/usr/share/texmf/tex/generic/pgf/basiclayer/pgfcoremath.code.tex
File: pgfcoremath.code.tex 2006/10/15  (rcs-revision 1.3)
\c@pgf@counta=\count103
\c@pgf@countb=\count104
\c@pgf@countc=\count105
\c@pgf@countd=\count106
)
(/usr/share/texmf/tex/generic/pgf/basiclayer/pgfcorepoints.code.tex
File: pgfcorepoints.code.tex 2006/10/16  (rcs-revision 1.7)
\pgf@picminx=\dimen129
\pgf@picmaxx=\dimen130
\pgf@picminy=\dimen131
\pgf@picmaxy=\dimen132
\pgf@pathminx=\dimen133
\pgf@pathmaxx=\dimen134
\pgf@pathminy=\dimen135
\pgf@pathmaxy=\dimen136
\pgf@tempdim=\dimen137
\c@pgf@tempcount=\count107
\pgf@xx=\dimen138
\pgf@xy=\dimen139
\pgf@yx=\dimen140
\pgf@yy=\dimen141
\pgf@zx=\dimen142
\pgf@zy=\dimen143
)
(/usr/share/texmf/tex/generic/pgf/basiclayer/pgfcorepathconstruct.code.tex
File: pgfcorepathconstruct.code.tex 2006/10/16  (rcs-revision 1.6)
\pgf@path@lastx=\dimen144
\pgf@path@lasty=\dimen145
)
(/usr/share/texmf/tex/generic/pgf/basiclayer/pgfcorepathusage.code.tex
File: pgfcorepathusage.code.tex 2006/10/16  (rcs-revision 1.7)
\pgf@shorten@end@additional=\dimen146
\pgf@shorten@start@additional=\dimen147
)
(/usr/share/texmf/tex/generic/pgf/basiclayer/pgfcorescopes.code.tex
File: pgfcorescopes.code.tex 2006/10/23  (rcs-revision 1.20)
\pgfpic=\box34
\pgf@hbox=\box35
\pgf@layerbox@main=\box36
\pgf@picture@serial@count=\count108
)
(/usr/share/texmf/tex/generic/pgf/basiclayer/pgfcoregraphicstate.code.tex
File: pgfcoregraphicstate.code.tex 2006/10/16  (rcs-revision 1.6)
\pgflinewidth=\dimen148
)
(/usr/share/texmf/tex/generic/pgf/basiclayer/pgfcoretransformations.code.tex
File: pgfcoretransformations.code.tex 2006/10/11  (rcs-revision 1.4)
\pgf@pt@x=\dimen149
\pgf@pt@y=\dimen150
\pgf@pt@temp=\dimen151
)
(/usr/share/texmf/tex/generic/pgf/basiclayer/pgfcorequick.code.tex
File: pgfcorequick.code.tex 2006/10/11  (rcs-revision 1.2)
)
(/usr/share/texmf/tex/generic/pgf/basiclayer/pgfcoreobjects.code.tex
File: pgfcoreobjects.code.tex 2006/10/11  (rcs-revision 1.2)
)
(/usr/share/texmf/tex/generic/pgf/basiclayer/pgfcorepathprocessing.code.tex
File: pgfcorepathprocessing.code.tex 2006/10/16  (rcs-revision 1.5)
)
(/usr/share/texmf/tex/generic/pgf/basiclayer/pgfcorearrows.code.tex
File: pgfcorearrows.code.tex 2006/10/16  (rcs-revision 1.6)
)
(/usr/share/texmf/tex/generic/pgf/basiclayer/pgfcoreshade.code.tex
File: pgfcoreshade.code.tex 2006/10/16  (rcs-revision 1.7)
\pgf@max=\dimen152
\pgf@sys@shading@range@num=\count109
)))
(/usr/share/texmf/tex/latex/pgf/basiclayer/pgfbaseimage.sty
(/usr/share/texmf/tex/generic/pgf/basiclayer/pgfbaseimage.code.tex
Package: pgfbaseimage 2006/10/16 v1.10 (rcs-revision 1.5)
))
(/usr/share/texmf/tex/latex/pgf/utilities/xxcolor.sty
Package: xxcolor 2003/10/24 ver 0.1
\XC@nummixins=\count110
\XC@countmixins=\count111
)
(/usr/share/texmf/tex/latex/amsfonts/amssymb.sty
Package: amssymb 2002/01/22 v2.2d

(/usr/share/texmf/tex/latex/amsfonts/amsfonts.sty
Package: amsfonts 2001/10/25 v2.2f
\@emptytoks=\toks15
\symAMSa=\mathgroup4
\symAMSb=\mathgroup5
LaTeX Font Info:    Overwriting math alphabet `\mathfrak' in version `bold'
(Font)                  U/euf/m/n --> U/euf/b/n on input line 132.
))
(/usr/share/texmf/tex/latex/geometry/geometry.sty
Package: geometry 2002/07/08 v3.2 Page Geometry
\Gm@cnth=\count112
\Gm@cntv=\count113
\c@Gm@tempcnt=\count114
\Gm@bindingoffset=\dimen153
\Gm@wd@mp=\dimen154
\Gm@odd@mp=\dimen155
\Gm@even@mp=\dimen156
\Gm@dimlist=\toks16

(/usr/share/texmf/tex/xelatex/xetexconfig/geometry.cfg))
(/usr/share/texmf/tex/latex/hyperref/hyperref.sty
Package: hyperref 2007/02/07 v6.75r Hypertext links for LaTeX
\@linkdim=\dimen157
\Hy@linkcounter=\count115
\Hy@pagecounter=\count116

(/usr/share/texmf/tex/latex/hyperref/pd1enc.def
File: pd1enc.def 2007/02/07 v6.75r Hyperref: PDFDocEncoding definition (HO)
)
(/usr/share/texmf/tex/latex/config/hyperref.cfg
File: hyperref.cfg 2002/06/06 v1.2 hyperref configuration of TeXLive
)
(/usr/share/texmf/tex/latex/oberdiek/kvoptions.sty
Package: kvoptions 2006/08/22 v2.4 Connects package keyval with LaTeX options (
HO)
)
Package hyperref Info: Option `bookmarks' set `true' on input line 2238.
Package hyperref Info: Option `bookmarksopen' set `true' on input line 2238.
Package hyperref Info: Option `implicit' set `false' on input line 2238.
Package hyperref Info: Hyper figures OFF on input line 2288.
Package hyperref Info: Link nesting OFF on input line 2293.
Package hyperref Info: Hyper index ON on input line 2296.
Package hyperref Info: Plain pages OFF on input line 2303.
Package hyperref Info: Backreferencing OFF on input line 2308.

Implicit mode OFF; no redefinition of LaTeX internals
Package hyperref Info: Bookmarks ON on input line 2444.
(/usr/share/texmf/tex/latex/html/url.sty
Package: url 1999/03/02  ver 1.4  Verb mode for urls, email addresses, and file
 names
)
LaTeX Info: Redefining \url on input line 2599.
\Fld@menulength=\count117
\Field@Width=\dimen158
\Fld@charsize=\dimen159
\Choice@toks=\toks17
\Field@toks=\toks18
Package hyperref Info: Hyper figures OFF on input line 3102.
Package hyperref Info: Link nesting OFF on input line 3107.
Package hyperref Info: Hyper index ON on input line 3110.
Package hyperref Info: backreferencing OFF on input line 3117.
Package hyperref Info: Link coloring OFF on input line 3122.


Package hyperref Warning: Option `pdfpagelabels' is turned off
(hyperref)                because \thepage is undefined.

Hyperref stopped early
)
*hyperref using default driver hdvips*
(/usr/share/texmf/tex/latex/hyperref/hdvips.def
File: hdvips.def 2007/02/07 v6.75r Hyperref driver for dvips

(/usr/share/texmf/tex/latex/hyperref/pdfmark.def
File: pdfmark.def 2007/02/07 v6.75r Hyperref definitions for pdfmark specials
\pdf@docset=\toks19
\pdf@box=\box37
\pdf@toks=\toks20
\pdf@defaulttoks=\toks21
\Fld@listcount=\count118
))
(/usr/share/texmf/tex/latex/extsizes/size8.clo
File: size8.clo 1999/11/11 v1.4a NON-Standard LaTeX file (size option)
)
(/usr/share/texmf/tex/latex/beamer/beamerbasecompatibility.sty
Package: beamerbasecompatibility 2005/01/25  (rcs-revision 1.60)
)
(/usr/share/texmf/tex/latex/beamer/beamerbasefont.sty
Package: beamerbasefont 2005/05/17  (rcs-revision 1.15)
)
(/usr/share/texmf/tex/latex/beamer/beamerbasemisc.sty
Package: beamerbasemisc 2005/05/17  (rcs-revision 1.23)
)
(/usr/share/texmf/tex/latex/beamer/beamerbasetwoscreens.sty
Package: beamerbasetwoscreens 2005/10/14  (rcs-revision 1.6)
)
(/usr/share/texmf/tex/latex/beamer/beamerbaseoverlay.sty
Package: beamerbaseoverlay 2005/05/18  (rcs-revision 1.49)
\beamer@argscount=\count119
\beamer@lastskipcover=\skip42
\beamer@trivlistdepth=\count120
)
(/usr/share/texmf/tex/latex/beamer/beamerbasetitle.sty
Package: beamerbasetitle 2005/10/23  (rcs-revision 1.23)
)
(/usr/share/texmf/tex/latex/beamer/beamerbasesection.sty
Package: beamerbasesection 2005/04/20  (rcs-revision 1.18)
\c@lecture=\count121
\c@part=\count122
\c@section=\count123
\c@subsection=\count124
\c@subsubsection=\count125
)
(/usr/share/texmf/tex/latex/beamer/beamerbaseframe.sty
Package: beamerbaseframe 2005/06/02  (rcs-revision 1.58)
\beamer@framebox=\box38
\beamer@frametitlebox=\box39
\beamer@zoombox=\box40
\beamer@zoomcount=\count126
\beamer@zoomframecount=\count127
\beamer@frametextheight=\dimen160
\c@subsectionslide=\count128
\beamer@frametopskip=\skip43
\beamer@framebottomskip=\skip44
\beamer@frametopskipautobreak=\skip45
\beamer@framebottomskipautobreak=\skip46
\beamer@envbody=\toks22
\c@framenumber=\count129
)
(/usr/share/texmf/tex/latex/beamer/beamerbaseverbatim.sty
Package: beamerbaseverbatim 2005/04/12  (rcs-revision 1.6)
\beamer@verbatimfileout=\write3
)
(/usr/share/texmf/tex/latex/beamer/beamerbaseframesize.sty
Package: beamerbaseframesize 2005/06/09  (rcs-revision 1.17)
\beamer@splitbox=\box41
\beamer@autobreakcount=\count130
\beamer@autobreaklastheight=\dimen161
\beamer@frametitletoks=\toks23
\beamer@framesubtitletoks=\toks24
)
(/usr/share/texmf/tex/latex/beamer/beamerbaseframecomponents.sty
Package: beamerbaseframecomponents 2004/11/08  (rcs-revision 1.40)
\beamer@footins=\box42
)
(/usr/share/texmf/tex/latex/beamer/beamerbasecolor.sty
Package: beamerbasecolor 2005/01/25  (rcs-revision 1.41)
)
(/usr/share/texmf/tex/latex/beamer/beamerbasenotes.sty
Package: beamerbasenotes 2005/10/14  (rcs-revision 1.22)
\beamer@frameboxcopy=\box43
)
(/usr/share/texmf/tex/latex/beamer/beamerbasetoc.sty
Package: beamerbasetoc 2004/12/09  (rcs-revision 1.20)
)
(/usr/share/texmf/tex/latex/beamer/beamerbasetemplates.sty
Package: beamerbasetemplates 2004/10/07  (rcs-revision 1.50)
\beamer@sbttoks=\toks25

(/usr/share/texmf/tex/latex/beamer/beamerbaseauxtemplates.sty
Package: beamerbaseauxtemplates 2005/06/09  (rcs-revision 1.27)

(/usr/share/texmf/tex/latex/beamer/beamerbaseboxes.sty
Package: beamerbaseboxes 2005/06/09  (rcs-revision 1.28)
\bmb@box=\box44
\bmb@colorbox=\box45
\bmb@boxshadow=\box46
\bmb@boxshadowball=\box47
\bmb@boxshadowballlarge=\box48
\bmb@temp=\dimen162
\bmb@dima=\dimen163
\bmb@dimb=\dimen164
\bmb@prevheight=\dimen165
)
\beamer@blockheadheight=\dimen166
))
(/usr/share/texmf/tex/latex/beamer/beamerbaselocalstructure.sty
Package: beamerbaselocalstructure 2005/04/20  (rcs-revision 1.51)

(/usr/share/texmf/tex/latex/tools/enumerate.sty
Package: enumerate 1999/03/05 v3.00 enumerate extensions (DPC)
\@enLab=\toks26
)
\c@figure=\count131
\c@table=\count132
\abovecaptionskip=\skip47
\belowcaptionskip=\skip48
)
(/usr/share/texmf/tex/latex/beamer/beamerbasenavigation.sty
Package: beamerbasenavigation 2005/06/01  (rcs-revision 1.34)
)
(/usr/share/texmf/tex/latex/beamer/beamerbasetheorems.sty
Package: beamerbasetheorems 2005/04/04  (rcs-revision 1.7)

(/usr/share/texmf/tex/latex/amsmath/amsmath.sty
Package: amsmath 2000/07/18 v2.13 AMS math features
\@mathmargin=\skip49

For additional information on amsmath, use the `?' option.
(/usr/share/texmf/tex/latex/amsmath/amstext.sty
Package: amstext 2000/06/29 v2.01

(/usr/share/texmf/tex/latex/amsmath/amsgen.sty
File: amsgen.sty 1999/11/30 v2.0
\@emptytoks=\toks27
\ex@=\dimen167
))
(/usr/share/texmf/tex/latex/amsmath/amsbsy.sty
Package: amsbsy 1999/11/29 v1.2d
\pmbraise@=\dimen168
)
(/usr/share/texmf/tex/latex/amsmath/amsopn.sty
Package: amsopn 1999/12/14 v2.01 operator names
)
\inf@bad=\count133
LaTeX Info: Redefining \frac on input line 211.
\uproot@=\count134
\leftroot@=\count135
LaTeX Info: Redefining \overline on input line 307.
\classnum@=\count136
\DOTSCASE@=\count137
LaTeX Info: Redefining \ldots on input line 379.
LaTeX Info: Redefining \dots on input line 382.
LaTeX Info: Redefining \cdots on input line 467.
\Mathstrutbox@=\box49
\strutbox@=\box50
\big@size=\dimen169
LaTeX Font Info:    Redeclaring font encoding OML on input line 567.
LaTeX Font Info:    Redeclaring font encoding OMS on input line 568.
\macc@depth=\count138
\c@MaxMatrixCols=\count139
\dotsspace@=\muskip10
\c@parentequation=\count140
\dspbrk@lvl=\count141
\tag@help=\toks28
\row@=\count142
\column@=\count143
\maxfields@=\count144
\andhelp@=\toks29
\eqnshift@=\dimen170
\alignsep@=\dimen171
\tagshift@=\dimen172
\tagwidth@=\dimen173
\totwidth@=\dimen174
\lineht@=\dimen175
\@envbody=\toks30
\multlinegap=\skip50
\multlinetaggap=\skip51
\mathdisplay@stack=\toks31
LaTeX Info: Redefining \[ on input line 2666.
LaTeX Info: Redefining \] on input line 2667.
)
(/usr/share/texmf/tex/latex/amscls/amsthm.sty
Package: amsthm 2004/08/06 v2.20
\thm@style=\toks32
\thm@bodyfont=\toks33
\thm@headfont=\toks34
\thm@notefont=\toks35
\thm@headpunct=\toks36
\thm@preskip=\skip52
\thm@postskip=\skip53
\thm@headsep=\skip54
\dth@everypar=\toks37
)
\c@theorem=\count145
)
(/usr/share/texmf/tex/latex/beamer/beamerbasethemes.sty
Package: beamerbasethemes 2004/10/07  (rcs-revision 1.9)
)
(/usr/share/texmf/tex/latex/beamer/themes/theme/beamerthemedefault.sty
Package: beamerthemedefault 2004/10/07  (rcs-revision 1.6)

(/usr/share/texmf/tex/latex/beamer/themes/font/beamerfontthemedefault.sty
Package: beamerfontthemedefault 2005/03/15  (rcs-revision 1.12)
)
(/usr/share/texmf/tex/latex/beamer/themes/color/beamercolorthemedefault.sty
Package: beamercolorthemedefault 2005/03/15  (rcs-revision 1.27)
)
(/usr/share/texmf/tex/latex/beamer/themes/inner/beamerinnerthemedefault.sty
Package: beamerinnerthemedefault 2005/06/17  (rcs-revision 1.19)
\beamer@dima=\dimen176
\beamer@dimb=\dimen177
)
(/usr/share/texmf/tex/latex/beamer/themes/outer/beamerouterthemedefault.sty
Package: beamerouterthemedefault 2005/06/09  (rcs-revision 1.13)
)))
(/usr/share/texmf/tex/latex/beamer/themes/theme/beamerthemeAntibes.sty
Package: beamerthemeAntibes 2004/10/07  (rcs-revision 1.9)

(/usr/share/texmf/tex/latex/beamer/themes/outer/beamerouterthemetree.sty
Package: beamerouterthemetree 2004/10/14  (rcs-revision 1.4)
)
(/usr/share/texmf/tex/latex/beamer/themes/color/beamercolorthemewhale.sty
Package: beamercolorthemewhale 2004/10/07  (rcs-revision 1.3)
)
(/usr/share/texmf/tex/latex/beamer/themes/color/beamercolorthemeorchid.sty
Package: beamercolorthemeorchid 2004/10/07  (rcs-revision 1.2)
)
(/usr/share/texmf/tex/latex/beamer/themes/inner/beamerinnerthemerectangles.sty
Package: beamerinnerthemerectangles 2004/10/07  (rcs-revision 1.3)
)) (/usr/share/texmf/tex/latex/tools/multicol.sty
Package: multicol 2006/05/18 v1.6g multicolumn formatting (FMi)
\c@tracingmulticols=\count146
\mult@box=\box51
\multicol@leftmargin=\dimen178
\c@unbalance=\count147
\c@collectmore=\count148
\doublecol@number=\count149
\multicoltolerance=\count150
\multicolpretolerance=\count151
\full@width=\dimen179
\page@free=\dimen180
\premulticols=\dimen181
\postmulticols=\dimen182
\multicolsep=\skip55
\multicolbaselineskip=\skip56
\partial@page=\box52
\last@line=\box53
\mult@rightbox=\box54
\mult@grightbox=\box55
\mult@gfirstbox=\box56
\mult@firstbox=\box57
\@tempa=\box58
\@tempa=\box59
\@tempa=\box60
\@tempa=\box61
\@tempa=\box62
\@tempa=\box63
\@tempa=\box64
\@tempa=\box65
\@tempa=\box66
\@tempa=\box67
\@tempa=\box68
\@tempa=\box69
\@tempa=\box70
\@tempa=\box71
\@tempa=\box72
\@tempa=\box73
\@tempa=\box74
\c@columnbadness=\count152
\c@finalcolumnbadness=\count153
\last@try=\dimen183
\multicolovershoot=\dimen184
\multicolundershoot=\dimen185
\mult@nat@firstbox=\box75
\colbreak@box=\box76
)
(/usr/share/texmf/tex/latex/ltxmisc/relsize.sty
Package: relsize 2003/07/04 ver 3.1
)
(/usr/share/texmf/tex/latex/listings/listings.sty
\lst@mode=\count154
\lst@gtempboxa=\box77
\lst@token=\toks38
\lst@length=\count155
\lst@currlwidth=\dimen186
\lst@column=\count156
\lst@pos=\count157
\lst@lostspace=\dimen187
\lst@width=\dimen188
\lst@newlines=\count158
\lst@lineno=\count159
\c@lstlisting=\count160
\lst@maxwidth=\dimen189

(/usr/share/texmf/tex/latex/listings/lstpatch.sty
File: lstpatch.sty 2004/10/17 1.3b (Carsten Heinz)
)
(/usr/share/texmf/tex/latex/listings/lstmisc.sty
File: lstmisc.sty 2004/09/07 1.3 (Carsten Heinz)
\c@lstnumber=\count161
\lst@skipnumbers=\count162
\lst@framebox=\box78
)
(/usr/share/texmf/tex/latex/listings/listings.cfg
File: listings.cfg 2004/09/05 1.3 listings configuration
))
Package: listings 2004/10/17 1.3b (Carsten Heinz)

(/usr/share/texmf/tex/latex/pstricks/pst-node.sty
(/usr/share/texmf/tex/latex/pstricks/pstricks.sty
Package: pstricks 2006/08/10 v0.32 LaTeX wrapper for `PSTricks' (RN,HV)

(/usr/share/texmf/tex/generic/pstricks/pstricks.tex
`PSTricks' v1.15  <2006/12/22> (tvz)
\pst@dima=\dimen190
\pst@dimb=\dimen191
\pst@dimc=\dimen192
\pst@dimd=\dimen193
\pst@dimg=\dimen194
\pst@dimh=\dimen195
\pst@hbox=\box79
\pst@boxg=\box80
\pst@cnta=\count163
\pst@cntb=\count164
\pst@cntc=\count165
\pst@cntd=\count166
\pst@cntg=\count167
\pst@cnth=\count168
\pst@toks=\toks39
(/usr/share/texmf/tex/generic/pstricks/pstricks.con)
\psunit=\dimen196
\psxunit=\dimen197
\psyunit=\dimen198
\pslinewidth=\dimen199
\pst@customdefs=\toks40
\pslinearc=\dimen200
\everypsbox=\toks41
\psframesep=\dimen201
\pslabelsep=\dimen202
\psk@shift=\dimen203
\pst@shift=\dimen204
\theoverlaybox=\box81
)
File: pstricks.tex 2006/12/22 v1.15 `PSTricks' (tvz)
)
Package: pst-node 2006/01/01 package wrapper for pst-node.tex

(/usr/share/texmf/tex/generic/pstricks/pst-node.tex  v97 patch 11, 2000/11/09
\psrow=\count169
\pscol=\count170
\psmatrixcnt=\count171
\psrowsep=\skip57
\pscolsep=\skip58
)
File: pst-node.tex 2000/11/09 97 patch 11 `pst-node' (tvz)
) (/usr/share/texmf/tex/latex/pstricks/pst-tree.sty
Package: pst-tree 2004/07/15 package wrapper for pst-tree.tex

(/usr/share/texmf/tex/generic/pstricks/pst-tree.tex  v97 patch 6, 2004/07/24
\pstree@rootbox=\box82
\pstree@box=\box83
\psnodecnt=\count172
\pstreelevel=\count173
\pstreecnt=\count174
\pstree@cnt=\count175
\pstree@stop=\count176
)
File: pst-tree.tex 2004/07/24 97 patch 6 `pst-tree' (tvz)
)
(/u/gildea/tex/inputs/pst-qtree.sty
Package: pst-qtree 
 (/u/gildea/tex/inputs/pst-qtree.tex
\result=\toks42
))
(./presentation.aux)
\openout1 = `presentation.aux'.

LaTeX Font Info:    Checking defaults for OML/cmm/m/it on input line 25.
LaTeX Font Info:    ... okay on input line 25.
LaTeX Font Info:    Checking defaults for T1/cmr/m/n on input line 25.
LaTeX Font Info:    ... okay on input line 25.
LaTeX Font Info:    Checking defaults for OT1/cmr/m/n on input line 25.
LaTeX Font Info:    ... okay on input line 25.
LaTeX Font Info:    Checking defaults for OMS/cmsy/m/n on input line 25.
LaTeX Font Info:    ... okay on input line 25.
LaTeX Font Info:    Checking defaults for OMX/cmex/m/n on input line 25.
LaTeX Font Info:    ... okay on input line 25.
LaTeX Font Info:    Checking defaults for U/cmr/m/n on input line 25.
LaTeX Font Info:    ... okay on input line 25.
LaTeX Font Info:    Checking defaults for PD1/pdf/m/n on input line 25.
LaTeX Font Info:    ... okay on input line 25.
-------------------- Geometry parameters
paper: user defined
landscape: --
twocolumn: --
twoside: --
asymmetric: --
h-parts: 28.45274pt, 307.28987pt, 28.45274pt
v-parts: 0.0pt, 273.14662pt, 0.0pt
hmarginratio: --
vmarginratio: --
lines: --
heightrounded: --
bindingoffset: 0.0pt
truedimen: --
includehead: true
includefoot: true
includemp: --
driver: 
-------------------- Page layout dimensions and switches
\paperwidth  364.19536pt
\paperheight 273.14662pt
\textwidth  307.28987pt
\textheight 244.6939pt
\oddsidemargin  -43.81725pt
\evensidemargin -43.81725pt
\topmargin  -72.26999pt
\headheight 14.22636pt
\headsep    0.0pt
\footskip   14.22636pt
\marginparwidth 4.0pt
\marginparsep   10.0pt
\columnsep  10.0pt
\skip\footins  7.0pt plus 4.0pt minus 2.0pt
\hoffset 0.0pt
\voffset 0.0pt
\mag 1000

(1in=72.27pt, 1cm=28.45pt)
-----------------------
Package hyperref Info: Link coloring OFF on input line 25.
 (/usr/share/texmf/tex/latex/hyperref/nameref.sty
Package: nameref 2006/12/27 v2.28 Cross-referencing by name of section

(/usr/share/texmf/tex/latex/oberdiek/refcount.sty
Package: refcount 2006/02/20 v3.0 Data extraction from references (HO)
)
\c@section@level=\count177
)
LaTeX Info: Redefining \ref on input line 25.
LaTeX Info: Redefining \pageref on input line 25.
 (./presentation.out)
(./presentation.out)
\@outlinefile=\write4
\openout4 = `presentation.out'.

LaTeX Font Info:    Overwriting symbol font `operators' in version `normal'
(Font)                  OT1/cmr/m/n --> OT1/cmss/m/n on input line 25.
LaTeX Font Info:    Overwriting symbol font `operators' in version `bold'
(Font)                  OT1/cmr/bx/n --> OT1/cmss/bx/n on input line 25.
\symnumbers=\mathgroup6
\sympureletters=\mathgroup7
LaTeX Font Info:    Overwriting math alphabet `\mathrm' in version `normal'
(Font)                  OT1/cmss/m/n --> OT1/cmr/m/n on input line 25.
LaTeX Font Info:    Redeclaring math alphabet \mathbf on input line 25.
LaTeX Font Info:    Overwriting math alphabet `\mathbf' in version `normal'
(Font)                  OT1/cmr/bx/n --> OT1/cmss/bx/n on input line 25.
LaTeX Font Info:    Overwriting math alphabet `\mathbf' in version `bold'
(Font)                  OT1/cmr/bx/n --> OT1/cmss/bx/n on input line 25.
LaTeX Font Info:    Redeclaring math alphabet \mathsf on input line 25.
LaTeX Font Info:    Overwriting math alphabet `\mathsf' in version `normal'
(Font)                  OT1/cmss/m/n --> OT1/cmss/m/n on input line 25.
LaTeX Font Info:    Overwriting math alphabet `\mathsf' in version `bold'
(Font)                  OT1/cmss/bx/n --> OT1/cmss/m/n on input line 25.
LaTeX Font Info:    Redeclaring math alphabet \mathit on input line 25.
LaTeX Font Info:    Overwriting math alphabet `\mathit' in version `normal'
(Font)                  OT1/cmr/m/it --> OT1/cmss/m/it on input line 25.
LaTeX Font Info:    Overwriting math alphabet `\mathit' in version `bold'
(Font)                  OT1/cmr/bx/it --> OT1/cmss/m/it on input line 25.
LaTeX Font Info:    Redeclaring math alphabet \mathtt on input line 25.
LaTeX Font Info:    Overwriting math alphabet `\mathtt' in version `normal'
(Font)                  OT1/cmtt/m/n --> OT1/cmtt/m/n on input line 25.
LaTeX Font Info:    Overwriting math alphabet `\mathtt' in version `bold'
(Font)                  OT1/cmtt/m/n --> OT1/cmtt/m/n on input line 25.
LaTeX Font Info:    Overwriting symbol font `numbers' in version `bold'
(Font)                  OT1/cmss/m/n --> OT1/cmss/bx/n on input line 25.
LaTeX Font Info:    Overwriting symbol font `pureletters' in version `bold'
(Font)                  OT1/cmss/m/it --> OT1/cmss/bx/it on input line 25.
LaTeX Font Info:    Overwriting math alphabet `\mathrm' in version `bold'
(Font)                  OT1/cmss/bx/n --> OT1/cmr/bx/n on input line 25.
LaTeX Font Info:    Overwriting math alphabet `\mathbf' in version `bold'
(Font)                  OT1/cmss/bx/n --> OT1/cmss/bx/n on input line 25.
LaTeX Font Info:    Overwriting math alphabet `\mathsf' in version `bold'
(Font)                  OT1/cmss/m/n --> OT1/cmss/bx/n on input line 25.
LaTeX Font Info:    Overwriting math alphabet `\mathit' in version `bold'
(Font)                  OT1/cmss/m/it --> OT1/cmss/bx/it on input line 25.
LaTeX Font Info:    Overwriting math alphabet `\mathtt' in version `bold'
(Font)                  OT1/cmtt/m/n --> OT1/cmtt/bx/n on input line 25.
 (./presentation.nav)
LaTeX Font Info:    Try loading font information for OMS+cmss on input line 26.

LaTeX Font Info:    No file OMScmss.fd. on input line 26.


LaTeX Font Warning: Font shape `OMS/cmss/m/n' undefined
(Font)              using `OMS/cmsy/m/n' instead
(Font)              for symbol `textbraceleft' on input line 26.


LaTeX Font Warning: Font shape `OT1/cmss/m/n' in size <4> not available
(Font)              size <5> substituted on input line 26.

[1

] [2

] [3

]
LaTeX Font Info:    Try loading font information for U+msa on input line 66.
 (/usr/share/texmf/tex/latex/amsfonts/umsa.fd
File: umsa.fd 2002/01/19 v2.2g AMS font definitions
)
LaTeX Font Info:    Try loading font information for U+msb on input line 66.

(/usr/share/texmf/tex/latex/amsfonts/umsb.fd
File: umsb.fd 2002/01/19 v2.2g AMS font definitions
) [4

] [5

]
LaTeX Font Info:    Try loading font information for OMS+cmtt on input line 97.


(/usr/share/texmf/tex/latex/R/omscmtt.fd
File: omscmtt.fd 
)
LaTeX Font Info:    Font shape `OMS/cmtt/m/n' in size <8> not available
(Font)              Font shape `OMS/cmsy/m/n' tried instead on input line 97.
 [6

] [7

] [8

] [9

]
Overfull \hbox (1.66252pt too wide) in paragraph at lines 157--157
[][]  
 []

[10

]
\openout3 = `presentation.vrb'.

 (./presentation.vrb) [11

] [12

] [13

] [14

]
\openout3 = `presentation.vrb'.

 (./presentation.vrb) [15

]
\openout3 = `presentation.vrb'.


(./presentation.vrb
Overfull \hbox (7.21465pt too wide) in paragraph at lines 6--6
[]    \OT1/cmtt/m/n/8 (^* ((NP _* CANDIDATE-COREF (/ _!(adjoin! _!. _!)) _*) (P
RON _!))) _*)[] 
 []


Overfull \hbox (21.35751pt too wide) in paragraph at lines 23--23
[]       \OT1/cmtt/m/n/8 ((NP SEM-INDEX 2) (NAME Lillian))[] 
 []


Overfull \hbox (4.35727pt too wide) in paragraph at lines 23--23
[]                 \OT1/cmtt/m/n/8 CANDIDATE-COREF ())[] 
 []


Overfull \hbox (8.60733pt too wide) in paragraph at lines 23--23
[]               \OT1/cmtt/m/n/8 ((VP GAP NP) (V built)[] 
 []


Overfull \hbox (17.10745pt too wide) in paragraph at lines 23--23
[]                 \OT1/cmtt/m/n/8 (PRON *trace*)))))))))[] 
 []


Overfull \hbox (21.35751pt too wide) in paragraph at lines 41--41
[]       \OT1/cmtt/m/n/8 ((NP SEM-INDEX 2) (NAME Lillian))[] 
 []


Overfull \hbox (8.60733pt too wide) in paragraph at lines 41--41
[]                 \OT1/cmtt/m/n/8 CANDIDATE-COREF (1))[] 
 []


Overfull \hbox (8.60733pt too wide) in paragraph at lines 41--41
[]               \OT1/cmtt/m/n/8 ((VP GAP NP) (V built)[] 
 []


Overfull \hbox (17.10745pt too wide) in paragraph at lines 41--41
[]                 \OT1/cmtt/m/n/8 (PRON *trace*)))))))))[] 
 []

) [16

]
\openout3 = `presentation.vrb'.

 (./presentation.vrb) [17

]
\openout3 = `presentation.vrb'.

 (./presentation.vrb
Overfull \hbox (4.35727pt too wide) in paragraph at lines 18--18
[]       \OT1/cmtt/m/n/8 (some e ((pair x e) enduring)[] 
 []


Overfull \hbox (21.35751pt too wide) in paragraph at lines 18--18
[]         \OT1/cmtt/m/n/8 ((x have-as-part.v y) ** e)))))[] 
 []


Overfull \hbox (12.85739pt too wide) in paragraph at lines 33--33
[]         \OT1/cmtt/m/n/8 ((x experience.v y) ** e)))))[] 
 []

) [18

]
\openout3 = `presentation.vrb'.

 (./presentation.vrb
Overfull \hbox (4.35727pt too wide) in paragraph at lines 15--15
[]\OT1/cmtt/m/n/8 (/ (_*.a (NNP _!.1) (NNP _!.2) _*.b)[] 
 []


Overfull \hbox (76.6083pt too wide) in paragraph at lines 15--15
[]\OT1/cmtt/m/n/8 (/ (S (NP (DT the) _!) (VP _+)) (the x (x _!) (x _+))[] 
 []

) [19

] [20

] [21

]
\tf@nav=\write5
\openout5 = `presentation.nav'.

\tf@toc=\write6
\openout6 = `presentation.toc'.

\tf@snm=\write7
\openout7 = `presentation.snm'.

 (./presentation.aux)

LaTeX Font Warning: Size substitutions with differences
(Font)              up to 1.0pt have occurred.


LaTeX Font Warning: Some font shapes were not available, defaults substituted.

 ) 
Here is how much of TeX's memory you used:
 10856 strings out of 256217
 180703 string characters out of 1917095
 302971 words of memory out of 1500000
 13827 multiletter control sequences out of 10000+200000
 9519 words of font info for 36 fonts, out of 1200000 for 2000
 645 hyphenation exceptions out of 8191
 41i,15n,51p,494b,509s stack positions out of 5000i,500n,6000p,200000b,15000s

Output written on presentation.dvi (21 pages, 216420 bytes).
