This is pdfTeXk, Version 3.141592-1.40.3 (Web2C 7.5.6) (format=pdflatex 2011.8.11)  31 JAN 2012 11:23
entering extended mode
 file:line:error style messages enabled.
 %&-line parsing enabled.
**./tttpaper.tex
(./tttpaper.tex
LaTeX2e <2005/12/01>
Babel <v3.8h> and hyphenation patterns for english, usenglishmax, dumylang, noh
yphenation, arabic, basque, bulgarian, coptic, welsh, czech, slovak, german, ng
erman, danish, esperanto, spanish, catalan, galician, estonian, farsi, finnish,
 french, greek, monogreek, ancientgreek, croatian, hungarian, interlingua, ibyc
us, indonesian, icelandic, italian, latin, mongolian, dutch, norsk, polish, por
tuguese, pinyin, romanian, russian, slovenian, uppersorbian, serbian, swedish, 
turkish, ukenglish, ukrainian, loaded.
(/usr/share/texmf/tex/latex/base/article.cls
Document Class: article 2005/09/16 v1.4f Standard LaTeX document class
(/usr/share/texmf/tex/latex/base/size11.clo
File: size11.clo 2005/09/16 v1.4f Standard LaTeX file (size option)
)
\c@part=\count79
\c@section=\count80
\c@subsection=\count81
\c@subsubsection=\count82
\c@paragraph=\count83
\c@subparagraph=\count84
\c@figure=\count85
\c@table=\count86
\abovecaptionskip=\skip41
\belowcaptionskip=\skip42
\bibindent=\dimen102
) (./eacl2012.sty
Conference Style for EACL 2012 -- released Sept 11, 2011
\titlebox=\skip43
) (/usr/share/texmf/tex/latex/psnfss/times.sty
Package: times 2005/04/12 PSNFSS-v9.2a (SPQR) 
)
(/usr/share/texmf/tex/latex/base/latexsym.sty
Package: latexsym 1998/08/17 v2.2e Standard LaTeX package (lasy symbols)
\symlasy=\mathgroup4
LaTeX Font Info:    Overwriting symbol font `lasy' in version `bold'
(Font)                  U/lasy/m/n --> U/lasy/b/n on input line 47.
)
(/usr/share/texmf/tex/latex/amsmath/amsmath.sty
Package: amsmath 2000/07/18 v2.13 AMS math features
\@mathmargin=\skip44

For additional information on amsmath, use the `?' option.
(/usr/share/texmf/tex/latex/amsmath/amstext.sty
Package: amstext 2000/06/29 v2.01

(/usr/share/texmf/tex/latex/amsmath/amsgen.sty
File: amsgen.sty 1999/11/30 v2.0
\@emptytoks=\toks14
\ex@=\dimen103
))
(/usr/share/texmf/tex/latex/amsmath/amsbsy.sty
Package: amsbsy 1999/11/29 v1.2d
\pmbraise@=\dimen104
)
(/usr/share/texmf/tex/latex/amsmath/amsopn.sty
Package: amsopn 1999/12/14 v2.01 operator names
)
\inf@bad=\count87
LaTeX Info: Redefining \frac on input line 211.
\uproot@=\count88
\leftroot@=\count89
LaTeX Info: Redefining \overline on input line 307.
\classnum@=\count90
\DOTSCASE@=\count91
LaTeX Info: Redefining \ldots on input line 379.
LaTeX Info: Redefining \dots on input line 382.
LaTeX Info: Redefining \cdots on input line 467.
\Mathstrutbox@=\box26
\strutbox@=\box27
\big@size=\dimen105
LaTeX Font Info:    Redeclaring font encoding OML on input line 567.
LaTeX Font Info:    Redeclaring font encoding OMS on input line 568.
\macc@depth=\count92
\c@MaxMatrixCols=\count93
\dotsspace@=\muskip10
\c@parentequation=\count94
\dspbrk@lvl=\count95
\tag@help=\toks15
\row@=\count96
\column@=\count97
\maxfields@=\count98
\andhelp@=\toks16
\eqnshift@=\dimen106
\alignsep@=\dimen107
\tagshift@=\dimen108
\tagwidth@=\dimen109
\totwidth@=\dimen110
\lineht@=\dimen111
\@envbody=\toks17
\multlinegap=\skip45
\multlinetaggap=\skip46
\mathdisplay@stack=\toks18
LaTeX Info: Redefining \[ on input line 2666.
LaTeX Info: Redefining \] on input line 2667.
)
(/usr/share/texmf/tex/latex/multirow/multirow.sty
\bigstrutjot=\dimen112
)
(/usr/share/texmf/tex/latex/html/url.sty
Package: url 1999/03/02  ver 1.4  Verb mode for urls, email addresses, and file
 names
)

LaTeX Warning: Unused global option(s):
    [a4].

(./tttpaper.aux)
\openout1 = `tttpaper.aux'.

LaTeX Font Info:    Checking defaults for OML/cmm/m/it on input line 42.
LaTeX Font Info:    ... okay on input line 42.
LaTeX Font Info:    Checking defaults for T1/cmr/m/n on input line 42.
LaTeX Font Info:    ... okay on input line 42.
LaTeX Font Info:    Checking defaults for OT1/cmr/m/n on input line 42.
LaTeX Font Info:    ... okay on input line 42.
LaTeX Font Info:    Checking defaults for OMS/cmsy/m/n on input line 42.
LaTeX Font Info:    ... okay on input line 42.
LaTeX Font Info:    Checking defaults for OMX/cmex/m/n on input line 42.
LaTeX Font Info:    ... okay on input line 42.
LaTeX Font Info:    Checking defaults for U/cmr/m/n on input line 42.
LaTeX Font Info:    ... okay on input line 42.
LaTeX Font Info:    Try loading font information for OT1+ptm on input line 42.
 (/usr/share/texmf/tex/latex/psnfss/ot1ptm.fd
File: ot1ptm.fd 2001/06/04 font definitions for OT1/ptm.
)
LaTeX Font Info:    Font shape `OT1/ptm/bx/n' in size <14.4> not available
(Font)              Font shape `OT1/ptm/b/n' tried instead on input line 43.
LaTeX Font Info:    Try loading font information for U+lasy on input line 43.

(/usr/share/texmf/tex/latex/base/ulasy.fd
File: ulasy.fd 1998/08/17 v2.2e LaTeX symbol font definitions
)
LaTeX Font Info:    Font shape `OT1/ptm/bx/n' in size <12> not available
(Font)              Font shape `OT1/ptm/b/n' tried instead on input line 43.


LaTeX Warning: No \author given.


Underfull \hbox (badness 3138) in paragraph at lines 46--52
\OT1/ptm/m/n/10 trans-duc-tion lan-guage, TTT. We mo-ti-
 []


Underfull \vbox (badness 7012) has occurred while \output is active []

 [1{/usr/share/texmf/fonts/map/pdftex/updmap/pdftex.map}




]
LaTeX Font Info:    Font shape `OT1/ptm/bx/n' in size <10.95> not available
(Font)              Font shape `OT1/ptm/b/n' tried instead on input line 92.


LaTeX Warning: Citation `Norvig:1991' on page 2 undefined on input line 92.


Underfull \hbox (badness 3098) in paragraph at lines 92--93
[]\OT1/ptm/m/n/10.95 Peter Norvig's pat-tern match-ing lan-guage,
 []

[2]
LaTeX Font Info:    Try loading font information for OT1+pcr on input line 107.

 (/usr/share/texmf/tex/latex/psnfss/ot1pcr.fd
File: ot1pcr.fd 2001/06/04 font definitions for OT1/pcr.
)
Underfull \hbox (badness 1005) in paragraph at lines 111--112
\OT1/ptm/m/n/10.95 al-ter-na-tives. As an ex-am-ple in-volv-ing nega-
 []

LaTeX Font Info:    Try loading font information for OMS+ptm on input line 115.

(/usr/share/texmf/tex/latex/psnfss/omsptm.fd
File: omsptm.fd 
)
LaTeX Font Info:    Font shape `OMS/ptm/m/n' in size <10.95> not available
(Font)              Font shape `OMS/cmsy/m/n' tried instead on input line 115.
LaTeX Font Info:    Try loading font information for OMS+pcr on input line 119.


(/usr/share/texmf/tex/latex/psnfss/omspcr.fd
File: omspcr.fd 
)
LaTeX Font Info:    Font shape `OMS/pcr/m/n' in size <10.95> not available
(Font)              Font shape `OMS/cmsy/m/n' tried instead on input line 119.
 [3]
Overfull \hbox (9.67114pt too wide) in paragraph at lines 190--203
 [] 
 []

[4]
Underfull \hbox (badness 2781) in paragraph at lines 245--251
\OT1/pcr/m/n/10.95 (REL-WH (WH X)) B) A)\OT1/ptm/m/n/10.95 . Ad-di-tional ex-
 []


Underfull \hbox (badness 1205) in paragraph at lines 255--256
\OT1/ptm/m/n/10.95 dis-cussed later. One can imag-ine ad-di-tional
 []


Underfull \hbox (badness 2846) in paragraph at lines 255--256
\OT1/ptm/m/n/10.95 func-tions, such as \OT1/pcr/m/n/10.95 reverse!\OT1/ptm/m/n/
10.95 , \OT1/pcr/m/n/10.95 l-shift!\OT1/ptm/m/n/10.95 ,
 []


Underfull \hbox (badness 1616) in paragraph at lines 266--269
\OT1/ptm/m/n/10.95 pres-sion \OT1/pcr/m/n/10.95 (A A A A A) \OT1/ptm/m/n/10.95 
res-cans the lat-ter 5
 []

[5]
Underfull \vbox (badness 10000) has occurred while \output is active []

 [6]
Underfull \hbox (badness 5403) in paragraph at lines 323--328
[]\OT1/ptm/m/n/10.95 To dis-tin-guish be-tween past and pas-sive
 []


Underfull \hbox (badness 10000) in paragraph at lines 323--328

 []


Underfull \hbox (badness 10000) in paragraph at lines 330--332

 []


Underfull \hbox (badness 3657) in paragraph at lines 333--334
[]\OT1/ptm/m/n/10.95 To dis-tin-guish tem-po-ral and non-temporal
 []


Underfull \hbox (badness 10000) in paragraph at lines 335--337

 []


Underfull \hbox (badness 5161) in paragraph at lines 350--358
[]\OT1/ptm/m/n/10.95 We of-ten par-tic-u-lar-ize PPs to show the
 []


Underfull \hbox (badness 1205) in paragraph at lines 350--358
\OT1/ptm/m/n/10.95 prepo-si-tion in-volved, e.g., PP-OF, PP-FROM,
 []


Underfull \hbox (badness 3826) in paragraph at lines 350--358
\OT1/ptm/m/n/10.95 etc. Note that this trans-duc-tion uses the
 []


Underfull \hbox (badness 2809) in paragraph at lines 350--358
| \OT1/pcr/m/n/10 (IN []!) []*1)) | \OT1/ptm/m/n/10.95 -- such a rule
 []


Underfull \hbox (badness 10000) in paragraph at lines 404--422
| \OT1/pcr/m/n/8 (/ []! (adjoin! []!. []!))
 []


Underfull \hbox (badness 10000) in paragraph at lines 404--422

 []


Underfull \hbox (badness 5548) in paragraph at lines 424--435
[]\OT1/ptm/m/n/10.95 The NP on the sec-ond line is the C-
 []

[7]
Underfull \hbox (badness 1466) in paragraph at lines 464--474
[]\OT1/ptm/m/n/10.95 We wrote the func-tion \OT1/pcr/m/n/10.95 subst-new! \OT1/
ptm/m/n/10.95 to
 []


Underfull \hbox (badness 3977) in paragraph at lines 464--474
\OT1/ptm/m/n/10.95 For ex-am-ple, \OT1/pcr/m/n/10 (some x (x politician.n)
 []


Underfull \hbox (badness 10000) in paragraph at lines 464--474
\OT1/pcr/m/n/10 (x honest.a)) \OT1/ptm/m/n/10.95 be-comes \OT1/pcr/m/n/10 ((C1.
skol
 []


Underfull \hbox (badness 10000) in paragraph at lines 464--474
\OT1/pcr/m/n/10 politician.n) and.cc (C1.skol
 []


Underfull \hbox (badness 10000) in paragraph at lines 497--498
\OT1/ptm/m/n/10.95 For ex-am-ple, \OT1/pcr/m/n/10.95 ((most x (x dog.n) (x
 []


Underfull \hbox (badness 10000) in paragraph at lines 497--498
\OT1/pcr/m/n/10.95 pet.n)) (most y (y pet.n) (x
 []


Underfull \hbox (badness 1490) in paragraph at lines 508--510
[]\OT1/ptm/b/n/10.95 Predicate Dis-am-bigua-tion\OT1/ptm/m/n/10.95 : The fol-lo
w-ing
 []


Underfull \hbox (badness 3590) in paragraph at lines 508--510
\OT1/ptm/m/n/10.95 rules are ap-pli-ca-ble to pat-terns of pred-i-ca-
 []


Underfull \hbox (badness 1189) in paragraph at lines 508--510
\OT1/ptm/m/n/10.95 tion such as \OT1/pcr/m/n/10.95 ((det dog.n have.v (det
 []


Underfull \hbox (badness 7221) in paragraph at lines 508--510
\OT1/pcr/m/n/10.95 nest.n))\OT1/ptm/m/n/10.95 , and \OT1/pcr/m/n/10.95 ((det ma
n.n) have.v
 []


Underfull \hbox (badness 1270) in paragraph at lines 508--510
\OT1/pcr/m/n/10.95 (det accident.n))\OT1/ptm/m/n/10.95 . (Think of \OT1/pcr/m/n
/10.95 det \OT1/ptm/m/n/10.95 as
 []


Underfull \hbox (badness 1152) in paragraph at lines 508--510
\OT1/ptm/m/n/10.95 si-mul-ta-ne-ously in-tro-duce plau-si-ble pat-terns of
 []

[8]
Underfull \hbox (badness 10000) in paragraph at lines 570--588
\OT1/ptm/m/n/10.95 yields \OT1/pcr/m/n/10.95 (the x (x dog.n) (x bit.v
 []


Underfull \hbox (badness 10000) in paragraph at lines 570--588
\OT1/pcr/m/n/10 (/ (S (NP (DT the) []!) (VP []+))
 []


Underfull \hbox (badness 2478) in paragraph at lines 570--588
\OT1/pcr/m/n/10.95 ((sem! !1) (sem! !2)))\OT1/ptm/m/n/10.95 , where the
 []


Underfull \hbox (badness 1231) in paragraph at lines 603--607
[]\OT1/ptm/m/n/10.95 The lan-guage also holds promise for rule-
 []


Underfull \hbox (badness 6300) in paragraph at lines 603--607
\OT1/ptm/m/n/10.95 learning, thanks to its sim-ple template-to-
 []


Underfull \hbox (badness 1466) in paragraph at lines 609--611
\OT1/ptm/m/n/10.95 The work was sup-ported by NSF and ONR
 []

[9]
Underfull \hbox (badness 4254) in paragraph at lines 648--653
[]\OT1/ptm/m/n/10 Paul Hu-dak, John Pe-ter-son, and Joseph Fasel.
 []


Underfull \hbox (badness 3780) in paragraph at lines 648--653
\OT1/ptm/m/n/10 sion 98.  Los Alamos Na-tional Lab-o-ra-tory.
 []


Underfull \hbox (badness 10000) in paragraph at lines 686--690
[]\OT1/ptm/m/n/10 Don Rozen-berg  2002.  SnoPy - Snobol
 []


Underfull \hbox (badness 10000) in paragraph at lines 686--690
\OT1/ptm/m/n/10 Pat-tern Match-ing Ex-ten-sion for Python.
 []


Underfull \hbox (badness 1308) in paragraph at lines 709--713
[]\OT1/ptm/m/n/10 Min Zhang and Hongfei Jiang and Aiti Aw and
 []

[10

] (./tttpaper.aux) ) 
Here is how much of TeX's memory you used:
 1089 strings out of 256216
 12710 string characters out of 1917072
 68468 words of memory out of 1500000
 4381 multiletter control sequences out of 10000+200000
 25529 words of font info for 63 fonts, out of 1200000 for 2000
 645 hyphenation exceptions out of 8191
 27i,9n,23p,1923b,249s stack positions out of 5000i,500n,6000p,200000b,15000s
{/usr/share/texmf/fonts/enc/dvips/base/8r.enc}</usr/share/t
exmf/fonts/type1/bluesky/cm/cmmi10.pfb></usr/share/texmf/fonts/type1/bluesky/cm
/cmmi8.pfb></usr/share/texmf/fonts/type1/bluesky/cm/cmr8.pfb></usr/share/texmf/
fonts/type1/bluesky/cm/cmsy10.pfb></usr/share/texmf/fonts/type1/bluesky/cm/cmsy
8.pfb></usr/share/texmf/fonts/type1/urw/courier/ucrr8a.pfb></usr/share/texmf/fo
nts/type1/urw/times/utmb8a.pfb></usr/share/texmf/fonts/type1/urw/times/utmr8a.p
fb></usr/share/texmf/fonts/type1/urw/times/utmri8a.pfb>
Output written on tttpaper.pdf (10 pages, 124636 bytes).
PDF statistics:
 72 PDF objects out of 1000 (max. 8388607)
 0 named destinations out of 1000 (max. 131072)
 1 words of extra memory for PDF output out of 10000 (max. 10000000)

