This is pdfTeXk, Version 3.141592-1.40.3 (Web2C 7.5.6) (format=pdflatex 2011.8.11)  27 JAN 2012 15:25
entering extended mode
 file:line:error style messages enabled.
 %&-line parsing enabled.
**./tttrevised.tex
(./tttrevised.tex
LaTeX2e <2005/12/01>
Babel <v3.8h> and hyphenation patterns for english, usenglishmax, dumylang, noh
yphenation, arabic, basque, bulgarian, coptic, welsh, czech, slovak, german, ng
erman, danish, esperanto, spanish, catalan, galician, estonian, farsi, finnish,
 french, greek, monogreek, ancientgreek, croatian, hungarian, interlingua, ibyc
us, indonesian, icelandic, italian, latin, mongolian, dutch, norsk, polish, por
tuguese, pinyin, romanian, russian, slovenian, uppersorbian, serbian, swedish, 
turkish, ukenglish, ukrainian, loaded.
(/usr/share/texmf/tex/latex/base/article.cls
Document Class: article 2005/09/16 v1.4f Standard LaTeX document class
(/usr/share/texmf/tex/latex/base/size11.clo
File: size11.clo 2005/09/16 v1.4f Standard LaTeX file (size option)
)
\c@part=\count79
\c@section=\count80
\c@subsection=\count81
\c@subsubsection=\count82
\c@paragraph=\count83
\c@subparagraph=\count84
\c@figure=\count85
\c@table=\count86
\abovecaptionskip=\skip41
\belowcaptionskip=\skip42
\bibindent=\dimen102
) (./eacl2012.sty
Conference Style for EACL 2012 -- released Sept 11, 2011
\titlebox=\skip43
) (/usr/share/texmf/tex/latex/psnfss/times.sty
Package: times 2005/04/12 PSNFSS-v9.2a (SPQR) 
)
(/usr/share/texmf/tex/latex/base/latexsym.sty
Package: latexsym 1998/08/17 v2.2e Standard LaTeX package (lasy symbols)
\symlasy=\mathgroup4
LaTeX Font Info:    Overwriting symbol font `lasy' in version `bold'
(Font)                  U/lasy/m/n --> U/lasy/b/n on input line 47.
)
(/usr/share/texmf/tex/latex/amsmath/amsmath.sty
Package: amsmath 2000/07/18 v2.13 AMS math features
\@mathmargin=\skip44

For additional information on amsmath, use the `?' option.
(/usr/share/texmf/tex/latex/amsmath/amstext.sty
Package: amstext 2000/06/29 v2.01

(/usr/share/texmf/tex/latex/amsmath/amsgen.sty
File: amsgen.sty 1999/11/30 v2.0
\@emptytoks=\toks14
\ex@=\dimen103
))
(/usr/share/texmf/tex/latex/amsmath/amsbsy.sty
Package: amsbsy 1999/11/29 v1.2d
\pmbraise@=\dimen104
)
(/usr/share/texmf/tex/latex/amsmath/amsopn.sty
Package: amsopn 1999/12/14 v2.01 operator names
)
\inf@bad=\count87
LaTeX Info: Redefining \frac on input line 211.
\uproot@=\count88
\leftroot@=\count89
LaTeX Info: Redefining \overline on input line 307.
\classnum@=\count90
\DOTSCASE@=\count91
LaTeX Info: Redefining \ldots on input line 379.
LaTeX Info: Redefining \dots on input line 382.
LaTeX Info: Redefining \cdots on input line 467.
\Mathstrutbox@=\box26
\strutbox@=\box27
\big@size=\dimen105
LaTeX Font Info:    Redeclaring font encoding OML on input line 567.
LaTeX Font Info:    Redeclaring font encoding OMS on input line 568.
\macc@depth=\count92
\c@MaxMatrixCols=\count93
\dotsspace@=\muskip10
\c@parentequation=\count94
\dspbrk@lvl=\count95
\tag@help=\toks15
\row@=\count96
\column@=\count97
\maxfields@=\count98
\andhelp@=\toks16
\eqnshift@=\dimen106
\alignsep@=\dimen107
\tagshift@=\dimen108
\tagwidth@=\dimen109
\totwidth@=\dimen110
\lineht@=\dimen111
\@envbody=\toks17
\multlinegap=\skip45
\multlinetaggap=\skip46
\mathdisplay@stack=\toks18
LaTeX Info: Redefining \[ on input line 2666.
LaTeX Info: Redefining \] on input line 2667.
)
(/usr/share/texmf/tex/latex/multirow/multirow.sty
\bigstrutjot=\dimen112
)
(/usr/share/texmf/tex/latex/html/url.sty
Package: url 1999/03/02  ver 1.4  Verb mode for urls, email addresses, and file
 names
)
(/usr/share/texmf/tex/latex/graphics/graphicx.sty
Package: graphicx 1999/02/16 v1.0f Enhanced LaTeX Graphics (DPC,SPQR)

(/usr/share/texmf/tex/latex/graphics/keyval.sty
Package: keyval 1999/03/16 v1.13 key=value parser (DPC)
\KV@toks@=\toks19
)
(/usr/share/texmf/tex/latex/graphics/graphics.sty
Package: graphics 2006/02/20 v1.0o Standard LaTeX Graphics (DPC,SPQR)

(/usr/share/texmf/tex/latex/graphics/trig.sty
Package: trig 1999/03/16 v1.09 sin cos tan (DPC)
)
(/usr/share/texmf/tex/latex/config/graphics.cfg
File: graphics.cfg 2007/01/18 v1.5 graphics configuration of teTeX/TeXLive
)
Package graphics Info: Driver file: pdftex.def on input line 90.

(/usr/share/texmf/tex/latex/pdftex-def/pdftex.def
File: pdftex.def 2007/01/08 v0.04d Graphics/color for pdfTeX
\Gread@gobject=\count99
))
\Gin@req@height=\dimen113
\Gin@req@width=\dimen114
)
(/usr/share/texmf/tex/latex/pstricks/pst-node.sty
(/usr/share/texmf/tex/latex/pstricks/pstricks.sty
Package: pstricks 2006/08/10 v0.32 LaTeX wrapper for `PSTricks' (RN,HV)

(/usr/share/texmf/tex/generic/pstricks/pstricks.tex
`PSTricks' v1.15  <2006/12/22> (tvz)
\pst@dima=\dimen115
\pst@dimb=\dimen116
\pst@dimc=\dimen117
\pst@dimd=\dimen118
\pst@dimg=\dimen119
\pst@dimh=\dimen120
\pst@hbox=\box28
\pst@boxg=\box29
\pst@cnta=\count100
\pst@cntb=\count101
\pst@cntc=\count102
\pst@cntd=\count103
\pst@cntg=\count104
\pst@cnth=\count105
\pst@toks=\toks20
(/usr/share/texmf/tex/generic/pstricks/pstricks.con)
\psunit=\dimen121
\psxunit=\dimen122
\psyunit=\dimen123
\pslinewidth=\dimen124
\pst@customdefs=\toks21
\pslinearc=\dimen125
\everypsbox=\toks22
\psframesep=\dimen126
\pslabelsep=\dimen127
\psk@shift=\dimen128
\pst@shift=\dimen129
\theoverlaybox=\box30
)
File: pstricks.tex 2006/12/22 v1.15 `PSTricks' (tvz)

(/usr/share/texmf/tex/latex/xcolor/xcolor.sty
Package: xcolor 2007/01/21 v2.11 LaTeX color extensions (UK)

(/usr/share/texmf/tex/latex/config/color.cfg
File: color.cfg 2007/01/18 v1.5 color configuration of teTeX/TeXLive
)
Package xcolor Info: Package option `override' ignored on input line 216.
Package xcolor Info: Driver file: pdftex.def on input line 225.
Package xcolor Info: Model `cmy' substituted by `cmy0' on input line 1337.
Package xcolor Info: Model `hsb' substituted by `rgb' on input line 1341.
Package xcolor Info: Model `RGB' extended on input line 1353.
Package xcolor Info: Model `HTML' substituted by `rgb' on input line 1355.
Package xcolor Info: Model `Hsb' substituted by `hsb' on input line 1356.
Package xcolor Info: Model `tHsb' substituted by `hsb' on input line 1357.
Package xcolor Info: Model `HSB' substituted by `hsb' on input line 1358.
Package xcolor Info: Model `Gray' substituted by `gray' on input line 1359.
Package xcolor Info: Model `wave' substituted by `hsb' on input line 1360.
))
Package: pst-node 2006/01/01 package wrapper for pst-node.tex

(/usr/share/texmf/tex/generic/pstricks/pst-node.tex  v97 patch 11, 2000/11/09
\psrow=\count106
\pscol=\count107
\psmatrixcnt=\count108
\psrowsep=\skip47
\pscolsep=\skip48
)
File: pst-node.tex 2000/11/09 97 patch 11 `pst-node' (tvz)
) (/usr/share/texmf/tex/latex/pstricks/pst-tree.sty
Package: pst-tree 2004/07/15 package wrapper for pst-tree.tex

(/usr/share/texmf/tex/generic/pstricks/pst-tree.tex  v97 patch 6, 2004/07/24
\pstree@rootbox=\box31
\pstree@box=\box32
\psnodecnt=\count109
\pstreelevel=\count110
\pstreecnt=\count111
\pstree@cnt=\count112
\pstree@stop=\count113
)
File: pst-tree.tex 2004/07/24 97 patch 6 `pst-tree' (tvz)
)
(/u/gildea/tex/inputs/pst-qtree.sty
Package: pst-qtree 
 (/u/gildea/tex/inputs/pst-qtree.tex
\result=\toks23
))
(./tttrevised.aux)
\openout1 = `tttrevised.aux'.

LaTeX Font Info:    Checking defaults for OML/cmm/m/it on input line 24.
LaTeX Font Info:    ... okay on input line 24.
LaTeX Font Info:    Checking defaults for T1/cmr/m/n on input line 24.
LaTeX Font Info:    ... okay on input line 24.
LaTeX Font Info:    Checking defaults for OT1/cmr/m/n on input line 24.
LaTeX Font Info:    ... okay on input line 24.
LaTeX Font Info:    Checking defaults for OMS/cmsy/m/n on input line 24.
LaTeX Font Info:    ... okay on input line 24.
LaTeX Font Info:    Checking defaults for OMX/cmex/m/n on input line 24.
LaTeX Font Info:    ... okay on input line 24.
LaTeX Font Info:    Checking defaults for U/cmr/m/n on input line 24.
LaTeX Font Info:    ... okay on input line 24.
LaTeX Font Info:    Try loading font information for OT1+ptm on input line 24.
 (/usr/share/texmf/tex/latex/psnfss/ot1ptm.fd
File: ot1ptm.fd 2001/06/04 font definitions for OT1/ptm.
)
LaTeX Font Info:    Font shape `OT1/ptm/bx/n' in size <14.4> not available
(Font)              Font shape `OT1/ptm/b/n' tried instead on input line 25.
LaTeX Font Info:    Try loading font information for U+lasy on input line 25.

(/usr/share/texmf/tex/latex/base/ulasy.fd
File: ulasy.fd 1998/08/17 v2.2e LaTeX symbol font definitions
)
LaTeX Font Info:    Font shape `OT1/ptm/bx/n' in size <12> not available
(Font)              Font shape `OT1/ptm/b/n' tried instead on input line 25.


LaTeX Warning: No \author given.


Underfull \hbox (badness 3138) in paragraph at lines 28--34
\OT1/ptm/m/n/10 trans-duc-tion lan-guage, TTT. We mo-ti-
 []


Underfull \vbox (badness 7012) has occurred while \output is active []

 [1
Non-PDF special ignored!
Non-PDF special ignored!
Non-PDF special ignored!{/usr/share/texmf/fonts/map/pdftex/updmap/pdftex.map}




]
LaTeX Font Info:    Font shape `OT1/ptm/bx/n' in size <10.95> not available
(Font)              Font shape `OT1/ptm/b/n' tried instead on input line 83.

[2]
LaTeX Font Info:    Try loading font information for OMS+ptm on input line 88.
 (/usr/share/texmf/tex/latex/psnfss/omsptm.fd
File: omsptm.fd 
)
LaTeX Font Info:    Font shape `OMS/ptm/m/n' in size <10.95> not available
(Font)              Font shape `OMS/cmsy/m/n' tried instead on input line 88.
LaTeX Font Info:    Try loading font information for OT1+pcr on input line 88.

(/usr/share/texmf/tex/latex/psnfss/ot1pcr.fd
File: ot1pcr.fd 2001/06/04 font definitions for OT1/pcr.
)
LaTeX Font Info:    Try loading font information for OMS+pcr on input line 92.

(/usr/share/texmf/tex/latex/psnfss/omspcr.fd
File: omspcr.fd 
)
LaTeX Font Info:    Font shape `OMS/pcr/m/n' in size <10.95> not available
(Font)              Font shape `OMS/cmsy/m/n' tried instead on input line 92.

Underfull \hbox (badness 4846) in paragraph at lines 117--119
[]\OT1/ptm/b/n/10.95 Constraints on Bind-ings \OT1/ptm/m/n/10.95 Ar-bi-trary co
m-
 []


Underfull \hbox (badness 1048) in paragraph at lines 130--131
[]\OT1/pcr/m/n/10.95 (! (+ A) (+ B)) \OT1/ptm/m/n/10.95 - matches a non-
 []


Underfull \hbox (badness 1983) in paragraph at lines 132--133
[]\OT1/pcr/m/n/10.95 (B (* ($\OML/cmm/m/it/10.95 <>$ \OT1/pcr/m/n/10.95 B B))) 
\OT1/ptm/m/n/10.95 - matches a se-
 []


Underfull \hbox (badness 10000) in paragraph at lines 133--134
\OT1/pcr/m/n/10.95 C B) (B A C) (B C A) (C A B)
 []

[3]
Underfull \hbox (badness 10000) in paragraph at lines 139--151
[]\OT1/ptm/m/n/10.95 Binding Ex-am-ples:
 []


Overfull \hbox (123.94318pt too wide) in paragraph at lines 139--151
[] 
 []


Underfull \hbox (badness 6364) in paragraph at lines 167--168
[]\OT1/pcr/m/n/10.95 (/ ([]! []* []!1) ([]!1 []* []!)) \OT1/ptm/m/n/10.95 -
 []


Underfull \hbox (badness 6078) in paragraph at lines 171--172
\OT1/ptm/m/n/10.95 duc-tion \OT1/pcr/m/n/10.95 (^@ (* ((! S SBAR) []+)) (/
 []


Underfull \hbox (badness 1389) in paragraph at lines 171--172
\OT1/pcr/m/n/10.95 (WH X)) B) A))\OT1/ptm/m/n/10.95 . Ad-di-tional ex-am-ples a
p-
 []


Underfull \hbox (badness 3068) in paragraph at lines 174--175
[]\OT1/ptm/m/n/10.95 TTT also sup-ports func-tions, with bound
 []


Underfull \hbox (badness 10000) in paragraph at lines 174--175
\OT1/ptm/m/n/10.95 ``\OT1/pcr/m/n/10.95 (/ (PP (IN []!))
 []


Underfull \hbox (badness 10000) in paragraph at lines 174--175
\OT1/pcr/m/n/10.95 ((join-with-dash! PP []!) (IN
 []


Underfull \hbox (badness 3138) in paragraph at lines 174--175
[]\OT1/pcr/m/n/10.95 !)))\OT1/ptm/m/n/10.95 '' ap-plied to the sub-tree \OT1/pc
r/m/n/10.95 (PP (IN
 []


Underfull \hbox (badness 1147) in paragraph at lines 174--175
\OT1/pcr/m/n/10.95 (PP-TO (IN TO))\OT1/ptm/m/n/10.95 . [DO I NEED A SIM-
 []


Underfull \hbox (badness 2846) in paragraph at lines 174--175
\OT1/ptm/m/n/10.95 func-tions, such as \OT1/pcr/m/n/10.95 reverse!\OT1/ptm/m/n/
10.95 , \OT1/pcr/m/n/10.95 l-shift!\OT1/ptm/m/n/10.95 ,
 []


Underfull \hbox (badness 10000) in paragraph at lines 178--180
\OT1/ptm/m/n/10.95 [RENAME AS THE-O-RET-I-CAL PROP-ER-
 []


Underfull \hbox (badness 1924) in paragraph at lines 178--180
\OT1/ptm/m/n/10.95 TIES?] A good overview of the di-men-sions
 []


Underfull \hbox (badness 1292) in paragraph at lines 178--180
\OT1/ptm/m/n/10.95 given in Cap-tur-ing prac-ti-cal nat-u-ral lan-guage
 []

[4]
Underfull \hbox (badness 10000) in paragraph at lines 190--194
\OT1/pcr/m/n/10.95 s) []!r []*r) ([]* (p []!l) r []!r []*r))
 []


Underfull \hbox (badness 10000) in paragraph at lines 190--194
\OT1/cmr/m/n/10.95 (\OML/cmm/m/it/10.95 q; s; r; p; R\OT1/cmr/m/n/10.95 )$ \OT1
/ptm/m/n/10.95 be-comes \OT1/pcr/m/n/10.95 (/ ([]* []!1 (q s)
 []


Underfull \hbox (badness 5667) in paragraph at lines 211--212
\OT1/ptm/m/n/10.95 LIKE PROB-A-BILIS-TIC SEARCH IS NOT
 []


Underfull \hbox (badness 3439) in paragraph at lines 211--212
\OT1/ptm/m/n/10.95 TREATED IN SUF-FI-CIENT DE-TAIL AND
 []

[5]
Underfull \hbox (badness 1728) in paragraph at lines 216--217
[]\OT1/ptm/m/n/10.95 Probabilistic search - As-sign weights to
 []


Underfull \hbox (badness 10000) in paragraph at lines 231--232
[]\OT1/pcr/m/n/10.95 (/ (VB []* (VBZ HAS) []*1 (VBN []!)
 []


Underfull \hbox (badness 10000) in paragraph at lines 231--232
[]\OT1/pcr/m/n/10.95 *2) (VB []* (VBZ HAS) []*1 (VBEN
 []


Underfull \hbox (badness 10000) in paragraph at lines 233--234
[]\OT1/pcr/m/n/10.95 (VB []* (VBZ HAS) []* ((/ VBN
 []


Underfull \hbox (badness 3503) in paragraph at lines 236--237
\OT1/ptm/m/n/10.95 con-stituents, which some-times oc-cur in the
 []


Underfull \hbox (badness 1533) in paragraph at lines 240--241
[]\OT1/ptm/m/n/10.95 pTo dis-tin-guish tem-po-ral and non-temporal
 []


Underfull \hbox (badness 10000) in paragraph at lines 242--243
[]\OT1/pcr/m/n/10.95 (/ (NP []* nn-temporal?)
 []


Underfull \hbox (badness 10000) in paragraph at lines 244--245
[]\OT1/pcr/m/n/10.95 ((/ NP NP-TIME) []*
 []


Underfull \hbox (badness 3746) in paragraph at lines 247--249
[]\OT1/ptm/m/n/10.95 Assimilation of verb par-ti-cles into sin-gle
 []


Underfull \hbox (badness 10000) in paragraph at lines 247--249
\OT1/pcr/m/n/10.95 (VP (VB []!1) ( (PRT (RP []!2)) (NP
 []


Underfull \hbox (badness 5161) in paragraph at lines 251--253
[]\OT1/ptm/m/n/10.95 We of-ten par-tic-u-lar-ize PPs to show the
 []


Underfull \hbox (badness 1205) in paragraph at lines 251--253
\OT1/ptm/m/n/10.95 prepo-si-tion in-volved, e.g., PP-OF, PP-FROM,
 []


Underfull \hbox (badness 3826) in paragraph at lines 251--253
\OT1/ptm/m/n/10.95 etc. Note that this trans-duc-tion uses the
 []


Underfull \hbox (badness 10000) in paragraph at lines 251--253
\OT1/pcr/m/n/10.95 '((join-with-dash! PP []!) (IN
 []


Underfull \hbox (badness 1466) in paragraph at lines 275--277
[]\OT1/ptm/m/n/10.95 We wrote the func-tion \OT1/pcr/m/n/10.95 subst-new! \OT1/
ptm/m/n/10.95 to
 []


Underfull \hbox (badness 1394) in paragraph at lines 275--277
\OT1/ptm/m/n/10.95 plish this. Skolem-iza-tion is then per-formed
 []


Underfull \hbox (badness 2644) in paragraph at lines 275--277
\OT1/ptm/m/n/10.95 via the trans-duc-tion \OT1/pcr/m/n/10.95 (/ (EXISTS []! []!
1
 []


Underfull \hbox (badness 10000) in paragraph at lines 275--277
[]\OT1/pcr/m/n/10.95 !2) (subst-new! []! ([]!1 and.cc
 []

[6]
Underfull \hbox (badness 10000) in paragraph at lines 281--287
[]\OT1/pcr/m/n/10.95 (/ ( []* (most []!.x ([]!.x (!.p
 []


Underfull \hbox (badness 10000) in paragraph at lines 281--287
\OT1/pcr/m/n/10.95 pred?)) ([]!.x (!.q pred?))) []*
 []


Underfull \hbox (badness 10000) in paragraph at lines 281--287
\OT1/pcr/m/n/10.95 (most []!.x ([]!.x !.q) ([]!.x (!.r
 []


Underfull \hbox (badness 10000) in paragraph at lines 281--287
\OT1/pcr/m/n/10.95 pred?))) []*) (many []!.x ([]!.x
 []


Underfull \hbox (badness 10000) in paragraph at lines 281--287
\OT1/pcr/m/n/10.95 !.p) ([]!.x !.r))) \OT1/ptm/m/n/10.95 [men-tion re-versed
 []


Underfull \hbox (badness 6575) in paragraph at lines 289--296
[]\OT1/ptm/b/n/10.95 Predicate Dis-am-bigua-tion\OT1/ptm/m/n/10.95 : The fol-lo
w-
 []


Underfull \hbox (badness 10000) in paragraph at lines 289--296
\OT1/ptm/m/n/10.95 ing rules dis-am-biguate be-tween var-i-ous
 []


Underfull \hbox (badness 1715) in paragraph at lines 289--296
\OT1/ptm/m/n/10.95 senses of have (e.g. as-part, as-possession,
 []


Underfull \hbox (badness 10000) in paragraph at lines 289--296
\OT1/ptm/m/n/10.95 as-eating-food, as-experience, as-feature):
 []


Underfull \hbox (badness 10000) in paragraph at lines 289--296
\OT1/pcr/m/n/10.95 (/ ((det animal?) have.v (det
 []


Underfull \hbox (badness 10000) in paragraph at lines 289--296
\OT1/pcr/m/n/10.95 animal-part?)) (all-or-most
 []


Underfull \hbox (badness 10000) in paragraph at lines 289--296
\OT1/pcr/m/n/10.95 x (x animal?) (some e ((pair
 []


Underfull \hbox (badness 10000) in paragraph at lines 289--296
\OT1/pcr/m/n/10.95 x e) enduring) (some y (y
 []


Underfull \hbox (badness 10000) in paragraph at lines 289--296
\OT1/pcr/m/n/10.95 animal-part?) ((x have-as-part.v
 []


Underfull \hbox (badness 10000) in paragraph at lines 301--302
[]\OT1/pcr/m/n/10.95 (/ ((det agent?) have.v (det
 []


Underfull \hbox (badness 10000) in paragraph at lines 301--302
\OT1/pcr/m/n/10.95 possession?)) (many x (x agent?)
 []


Underfull \hbox (badness 10000) in paragraph at lines 301--302
\OT1/pcr/m/n/10.95 (some e (some y (y possession?)
 []


Underfull \hbox (badness 10000) in paragraph at lines 307--308
[]\OT1/pcr/m/n/10.95 (/ ((det animal?) have.v (det
 []


Underfull \hbox (badness 10000) in paragraph at lines 307--308
\OT1/pcr/m/n/10.95 food?)) (many x (x animal?)
 []


Underfull \hbox (badness 10000) in paragraph at lines 307--308
\OT1/pcr/m/n/10.95 (occasional e (some y (y food?)
 []


Underfull \hbox (badness 10000) in paragraph at lines 313--314
[]\OT1/pcr/m/n/10.95 (/ ((det person?) have.v (det
 []


Underfull \hbox (badness 10000) in paragraph at lines 313--314
\OT1/pcr/m/n/10.95 event?)) (many x (x person?)
 []


Underfull \hbox (badness 10000) in paragraph at lines 313--314
\OT1/pcr/m/n/10.95 (occasional e (some y (y event?)
 []


Underfull \hbox (badness 10000) in paragraph at lines 319--320
[]\OT1/pcr/m/n/10.95 (/ ((det agent?) have.v (det
 []


Underfull \hbox (badness 10000) in paragraph at lines 319--320
\OT1/pcr/m/n/10.95 property?)) (many x (x agent?)
 []


Underfull \hbox (badness 10000) in paragraph at lines 319--320
\OT1/pcr/m/n/10.95 (some e ((pair x e) enduring)
 []


Underfull \hbox (badness 10000) in paragraph at lines 319--320
\OT1/pcr/m/n/10.95 (some y ((y (apply! append-of
 []


Underfull \hbox (badness 5417) in paragraph at lines 323--335
[]\OT1/ptm/m/n/10.95 The fol-low-ing trans-duc-tions di-rectly map
 []


Underfull \hbox (badness 10000) in paragraph at lines 323--335
\OT1/pcr/m/n/10.95 (/ (S (NP (DT the) []!) (VP []+))
 []


Underfull \hbox (badness 10000) in paragraph at lines 323--335
\OT1/pcr/m/n/10.95 (some x (x []!) []+)) (/ (some X
 []


Underfull \hbox (badness 10000) in paragraph at lines 323--335
\OT1/pcr/m/n/10.95 (X []!.x) (AUX IS) []!.y) (some x
 []


Underfull \hbox (badness 10000) in paragraph at lines 323--335
\OT1/pcr/m/n/10.95 (x []!.x) (x []!.y))) (/ ([]*.a (NNP
 []


Underfull \hbox (badness 10000) in paragraph at lines 323--335
[]\OT1/pcr/m/n/10.95 !.x) (NNP []!.y) (NNP []!.z) (NNP
 []


Underfull \hbox (badness 10000) in paragraph at lines 323--335
[]\OT1/pcr/m/n/10.95 !.f) []*.b) ([]*.a (NNP []!.x []!.y
 []


Underfull \hbox (badness 10000) in paragraph at lines 323--335
[]\OT1/pcr/m/n/10.95 !.z []!.f) []*.b)) (/ ([]*.a (NNP
 []


Underfull \hbox (badness 10000) in paragraph at lines 323--335
[]\OT1/pcr/m/n/10.95 !.x) (NNP []!.y) (NNP []!.z) []*.b)
 []


Underfull \hbox (badness 10000) in paragraph at lines 323--335
\OT1/pcr/m/n/10.95 ([]*.a (NNP []!.x []!.y []!.z) []*.b))
 []


Underfull \hbox (badness 10000) in paragraph at lines 323--335
\OT1/pcr/m/n/10.95 (/ ([]*.a (NNP []!.x) (NNP []!.y)
 []


Underfull \hbox (badness 10000) in paragraph at lines 323--335
[]\OT1/pcr/m/n/10.95 *.b) ([]*.a (NNP []!.x []!.y) []*.b))
 []


Underfull \hbox (badness 10000) in paragraph at lines 323--335
\OT1/pcr/m/n/10.95 (aux []!.f) (np (dt []!.y) []!.z)))
 []


Underfull \hbox (badness 1231) in paragraph at lines 344--351
[]\OT1/ptm/m/n/10.95 The lan-guage also holds promise for rule-
 []


Underfull \hbox (badness 6300) in paragraph at lines 344--351
\OT1/ptm/m/n/10.95 learning, thanks to its sim-ple template-to-
 []


Underfull \hbox (badness 1173) in paragraph at lines 344--351
\OT1/ptm/m/n/10.95 and per-haps also LF re-pair rules and LF-to-
 []


Underfull \hbox (badness 4254) in paragraph at lines 388--393
[]\OT1/ptm/m/n/10 Paul Hu-dak, John Pe-ter-son, and Joseph Fasel.
 []


Underfull \hbox (badness 3780) in paragraph at lines 388--393
\OT1/ptm/m/n/10 sion 98.  Los Alamos Na-tional Lab-o-ra-tory.
 []

[7]
Underfull \hbox (badness 10000) in paragraph at lines 410--414
[]\OT1/ptm/m/n/10 Don Rozen-berg  2002.  SnoPy - Snobol
 []


Underfull \hbox (badness 10000) in paragraph at lines 410--414
\OT1/ptm/m/n/10 Pat-tern Match-ing Ex-ten-sion for Python.
 []


Overfull \hbox (88.29604pt too wide) in paragraph at lines 417--422
\OT1/ptm/m/n/10 http://reference.wolfram.com/mathematica/guide/RulesAndPatterns
.html. 
 []


Underfull \hbox (badness 1308) in paragraph at lines 433--437
[]\OT1/ptm/m/n/10 Min Zhang and Hongfei Jiang and Aiti Aw and
 []

[8

] (./tttrevised.aux) ) 
Here is how much of TeX's memory you used:
 3402 strings out of 256216
 39115 string characters out of 1917072
 122430 words of memory out of 1500000
 6644 multiletter control sequences out of 10000+200000
 21559 words of font info for 52 fonts, out of 1200000 for 2000
 645 hyphenation exceptions out of 8191
 37i,10n,39p,1475b,241s stack positions out of 5000i,500n,6000p,200000b,15000s
{/usr/share/texmf/fonts/enc/dvips/base/8r.enc}</usr/share
/texmf/fonts/type1/bluesky/cm/cmmi10.pfb></usr/share/texmf/fonts/type1/bluesky/
cm/cmr10.pfb></usr/share/texmf/fonts/type1/bluesky/cm/cmr8.pfb></usr/share/texm
f/fonts/type1/bluesky/cm/cmsy10.pfb></usr/share/texmf/fonts/type1/urw/courier/u
crr8a.pfb></usr/share/texmf/fonts/type1/urw/times/utmb8a.pfb></usr/share/texmf/
fonts/type1/urw/times/utmr8a.pfb></usr/share/texmf/fonts/type1/urw/times/utmri8
a.pfb>
Output written on tttrevised.pdf (8 pages, 113222 bytes).
PDF statistics:
 62 PDF objects out of 1000 (max. 8388607)
 0 named destinations out of 1000 (max. 131072)
 1 words of extra memory for PDF output out of 10000 (max. 10000000)

